#
# There is insufficient memory for the Java Runtime Environment to continue.
# Native memory allocation (malloc) failed to allocate 961136 bytes for Chunk::new
# Possible reasons:
#   The system is out of physical RAM or swap space
#   In 32 bit mode, the process size limit was hit
# Possible solutions:
#   Reduce memory load on the system
#   Increase physical memory or swap space
#   Check if swap backing store is full
#   Use 64 bit Java on a 64 bit OS
#   Decrease Java heap size (-Xmx/-Xms)
#   Decrease number of Java threads
#   Decrease Java thread stack sizes (-Xss)
#   Set larger code cache with -XX:ReservedCodeCacheSize=
# This output file may be truncated or incomplete.
#
#  Out of Memory Error (allocation.cpp:390), pid=9472, tid=0x0000000000000124
#
# JRE version: Java(TM) SE Runtime Environment (8.0_92-b14) (build 1.8.0_92-b14)
# Java VM: Java HotSpot(TM) 64-Bit Server VM (25.92-b14 mixed mode windows-amd64 compressed oops)
# Failed to write core dump. Minidumps are not enabled by default on client versions of Windows
#

---------------  T H R E A D  ---------------

Current thread (0x000000001b77f800):  JavaThread "C2 CompilerThread1" daemon [_thread_in_native, id=292, stack(0x000000001cec0000,0x000000001cfc0000)]

Stack: [0x000000001cec0000,0x000000001cfc0000]
[error occurred during error reporting (printing stack bounds), id 0xc0000005]

Native frames: (J=compiled Java code, j=interpreted, Vv=VM code, C=native code)


Current CompileTask:
C2:  42198 3320   !   4       com.android.dx.cf.code.BytecodeArray::parseInstruction (2764 bytes)


---------------  P R O C E S S  ---------------

Java Threads: ( => current thread )
  0x000000001d7aa000 JavaThread "pool-1-thread-1" [_thread_in_Java, id=10128, stack(0x00000000204d0000,0x00000000205d0000)]
  0x000000001d812800 JavaThread "pool-2-thread-4" [_thread_in_Java, id=2636, stack(0x000000001f290000,0x000000001f390000)]
  0x000000001d817800 JavaThread "pool-2-thread-3" [_thread_in_Java, id=9444, stack(0x000000001f190000,0x000000001f290000)]
  0x000000001d817000 JavaThread "pool-2-thread-2" [_thread_in_Java, id=7088, stack(0x000000001f090000,0x000000001f190000)]
  0x000000001d750000 JavaThread "pool-3-thread-1" [_thread_blocked, id=9532, stack(0x000000001ef90000,0x000000001f090000)]
  0x000000001d4b7800 JavaThread "pool-2-thread-1" [_thread_in_Java, id=5544, stack(0x000000001ee90000,0x000000001ef90000)]
  0x000000001d0e8800 JavaThread "Service Thread" daemon [_thread_blocked, id=10044, stack(0x000000001d4c0000,0x000000001d5c0000)]
  0x000000001b78b800 JavaThread "C1 CompilerThread2" daemon [_thread_blocked, id=6856, stack(0x000000001cfc0000,0x000000001d0c0000)]
=>0x000000001b77f800 JavaThread "C2 CompilerThread1" daemon [_thread_in_native, id=292, stack(0x000000001cec0000,0x000000001cfc0000)]
  0x000000001b77e000 JavaThread "C2 CompilerThread0" daemon [_thread_in_native, id=8164, stack(0x000000001cdc0000,0x000000001cec0000)]
  0x000000001b77b800 JavaThread "Attach Listener" daemon [_thread_blocked, id=8896, stack(0x000000001ccc0000,0x000000001cdc0000)]
  0x000000001b77a800 JavaThread "Signal Dispatcher" daemon [_thread_blocked, id=212, stack(0x000000001cbc0000,0x000000001ccc0000)]
  0x000000001b76a800 JavaThread "Finalizer" daemon [_thread_blocked, id=1484, stack(0x000000001c9d0000,0x000000001cad0000)]
  0x00000000020a1000 JavaThread "Reference Handler" daemon [_thread_blocked, id=5268, stack(0x000000001c8d0000,0x000000001c9d0000)]
  0x0000000001f4d800 JavaThread "main" [_thread_in_Java, id=10052, stack(0x0000000001e10000,0x0000000001f10000)]

Other Threads:
  0x000000001b747800 VMThread [stack: 0x000000001c7d0000,0x000000001c8d0000] [id=5960]
  0x000000001d106800 WatcherThread [stack: 0x000000001d5c0000,0x000000001d6c0000] [id=10236]

VM state:not at safepoint (normal execution)

VM Mutex/Monitor currently owned by a thread: None

Heap:
 PSYoungGen      total 853504K, used 632403K [0x000000076ab00000, 0x00000007b3880000, 0x00000007c0000000)
  eden space 599040K, 75% used [0x000000076ab00000,0x000000078676b340,0x000000078f400000)
  from space 254464K, 69% used [0x000000078f400000,0x000000079a129c98,0x000000079ec80000)
  to   space 268288K, 0% used [0x00000007a3280000,0x00000007a3280000,0x00000007b3880000)
 ParOldGen       total 1119744K, used 675342K [0x00000006c0000000, 0x0000000704580000, 0x000000076ab00000)
  object space 1119744K, 60% used [0x00000006c0000000,0x00000006e93838e8,0x0000000704580000)
 Metaspace       used 6802K, capacity 7384K, committed 7680K, reserved 1056768K
  class space    used 634K, capacity 656K, committed 768K, reserved 1048576K

Card table byte_map: [0x0000000011470000,0x0000000011c80000] byte_map_base: 0x000000000de70000

Marking Bits: (ParMarkBitMap*) 0x000000005d7d64f0
 Begin Bits: [0x00000000125e0000, 0x00000000165e0000)
 End Bits:   [0x00000000165e0000, 0x000000001a5e0000)

Polling page: 0x0000000000650000

CodeCache: size=245760Kb used=14643Kb max_used=14647Kb free=231116Kb
 bounds [0x00000000020b0000, 0x0000000002f10000, 0x00000000110b0000]
 total_blobs=3159 nmethods=2889 adapters=182
 compilation: enabled

Compilation events (10 events):
Event: 41.981 Thread 0x000000001b78b800 3333       3       com.android.dx.rop.code.ThrowingCstInsn::withAddedCatch (34 bytes)
Event: 41.982 Thread 0x000000001b78b800 nmethod 3333 0x0000000002ec4d90 code [0x0000000002ec4f20, 0x0000000002ec5478]
Event: 41.988 Thread 0x000000001b77e000 nmethod 3332 0x0000000002f06b50 code [0x0000000002f06d00, 0x0000000002f07668]
Event: 41.990 Thread 0x000000001b77e000 3334       4       com.android.dx.ssa.back.FirstFitLocalCombiningAllocator::canMapReg (32 bytes)
Event: 41.993 Thread 0x000000001b78b800 3336 %     3       com.android.dx.ssa.back.FirstFitLocalCombiningAllocator::handleNormalUnassociated @ 10 (99 bytes)
Event: 41.995 Thread 0x000000001b78b800 nmethod 3336% 0x0000000002ebf150 code [0x0000000002ebf420, 0x0000000002ec0898]
Event: 41.997 Thread 0x000000001b78b800 3338       3       com.android.dx.ssa.back.FirstFitLocalCombiningAllocator::handleNormalUnassociated (99 bytes)
Event: 41.997 Thread 0x000000001b77e000 nmethod 3334 0x0000000002f09c10 code [0x0000000002f09da0, 0x0000000002f0a228]
Event: 41.997 Thread 0x000000001b77e000 3335   !   4       com.android.dx.cf.code.RopperMachine::run (1550 bytes)
Event: 41.998 Thread 0x000000001b78b800 nmethod 3338 0x0000000002f0abd0 code [0x0000000002f0ae80, 0x0000000002f0c258]

GC Heap History (10 events):
Event: 33.322 GC heap before
{Heap before GC invocations=23 (full 5):
 PSYoungGen      total 684544K, used 587714K [0x000000076ab00000, 0x00000007ab400000, 0x00000007c0000000)
  eden space 541696K, 100% used [0x000000076ab00000,0x000000078bc00000,0x000000078bc00000)
  from space 142848K, 32% used [0x000000078bc00000,0x000000078e8f0b18,0x0000000794780000)
  to   space 227328K, 0% used [0x000000079d600000,0x000000079d600000,0x00000007ab400000)
 ParOldGen       total 1053184K, used 706797K [0x00000006c0000000, 0x0000000700480000, 0x000000076ab00000)
  object space 1053184K, 67% used [0x00000006c0000000,0x00000006eb23b6e0,0x0000000700480000)
 Metaspace       used 6695K, capacity 7320K, committed 7680K, reserved 1056768K
  class space    used 628K, capacity 656K, committed 768K, reserved 1048576K
Event: 33.747 GC heap after
Heap after GC invocations=23 (full 5):
 PSYoungGen      total 774144K, used 227314K [0x000000076ab00000, 0x00000007b1a00000, 0x00000007c0000000)
  eden space 546816K, 0% used [0x000000076ab00000,0x000000076ab00000,0x000000078c100000)
  from space 227328K, 99% used [0x000000079d600000,0x00000007ab3fc878,0x00000007ab400000)
  to   space 283648K, 0% used [0x000000078c100000,0x000000078c100000,0x000000079d600000)
 ParOldGen       total 1053184K, used 752353K [0x00000006c0000000, 0x0000000700480000, 0x000000076ab00000)
  object space 1053184K, 71% used [0x00000006c0000000,0x00000006edeb8628,0x0000000700480000)
 Metaspace       used 6695K, capacity 7320K, committed 7680K, reserved 1056768K
  class space    used 628K, capacity 656K, committed 768K, reserved 1048576K
}
Event: 34.888 GC heap before
{Heap before GC invocations=24 (full 5):
 PSYoungGen      total 774144K, used 774130K [0x000000076ab00000, 0x00000007b1a00000, 0x00000007c0000000)
  eden space 546816K, 100% used [0x000000076ab00000,0x000000078c100000,0x000000078c100000)
  from space 227328K, 99% used [0x000000079d600000,0x00000007ab3fc878,0x00000007ab400000)
  to   space 283648K, 0% used [0x000000078c100000,0x000000078c100000,0x000000079d600000)
 ParOldGen       total 1053184K, used 752353K [0x00000006c0000000, 0x0000000700480000, 0x000000076ab00000)
  object space 1053184K, 71% used [0x00000006c0000000,0x00000006edeb8628,0x0000000700480000)
 Metaspace       used 6695K, capacity 7320K, committed 7680K, reserved 1056768K
  class space    used 628K, capacity 656K, committed 768K, reserved 1048576K
Event: 35.230 GC heap after
Heap after GC invocations=24 (full 5):
 PSYoungGen      total 830464K, used 73680K [0x000000076ab00000, 0x00000007b0f00000, 0x00000007c0000000)
  eden space 546816K, 0% used [0x000000076ab00000,0x000000076ab00000,0x000000078c100000)
  from space 283648K, 25% used [0x000000078c100000,0x00000007908f40d8,0x000000079d600000)
  to   space 269824K, 0% used [0x00000007a0780000,0x00000007a0780000,0x00000007b0f00000)
 ParOldGen       total 1053184K, used 934877K [0x00000006c0000000, 0x0000000700480000, 0x000000076ab00000)
  object space 1053184K, 88% used [0x00000006c0000000,0x00000006f90f7670,0x0000000700480000)
 Metaspace       used 6695K, capacity 7320K, committed 7680K, reserved 1056768K
  class space    used 628K, capacity 656K, committed 768K, reserved 1048576K
}
Event: 35.230 GC heap before
{Heap before GC invocations=25 (full 6):
 PSYoungGen      total 830464K, used 73680K [0x000000076ab00000, 0x00000007b0f00000, 0x00000007c0000000)
  eden space 546816K, 0% used [0x000000076ab00000,0x000000076ab00000,0x000000078c100000)
  from space 283648K, 25% used [0x000000078c100000,0x00000007908f40d8,0x000000079d600000)
  to   space 269824K, 0% used [0x00000007a0780000,0x00000007a0780000,0x00000007b0f00000)
 ParOldGen       total 1053184K, used 934877K [0x00000006c0000000, 0x0000000700480000, 0x000000076ab00000)
  object space 1053184K, 88% used [0x00000006c0000000,0x00000006f90f7670,0x0000000700480000)
 Metaspace       used 6695K, capacity 7320K, committed 7680K, reserved 1056768K
  class space    used 628K, capacity 656K, committed 768K, reserved 1048576K
Event: 37.483 GC heap after
Heap after GC invocations=25 (full 6):
 PSYoungGen      total 830464K, used 0K [0x000000076ab00000, 0x00000007b0f00000, 0x00000007c0000000)
  eden space 546816K, 0% used [0x000000076ab00000,0x000000076ab00000,0x000000078c100000)
  from space 283648K, 0% used [0x000000078c100000,0x000000078c100000,0x000000079d600000)
  to   space 269824K, 0% used [0x00000007a0780000,0x00000007a0780000,0x00000007b0f00000)
 ParOldGen       total 1119744K, used 675342K [0x00000006c0000000, 0x0000000704580000, 0x000000076ab00000)
  object space 1119744K, 60% used [0x00000006c0000000,0x00000006e93838e8,0x0000000704580000)
 Metaspace       used 6695K, capacity 7320K, committed 7680K, reserved 1056768K
  class space    used 628K, capacity 656K, committed 768K, reserved 1048576K
}
Event: 39.196 GC heap before
{Heap before GC invocations=26 (full 6):
 PSYoungGen      total 830464K, used 546816K [0x000000076ab00000, 0x00000007b0f00000, 0x00000007c0000000)
  eden space 546816K, 100% used [0x000000076ab00000,0x000000078c100000,0x000000078c100000)
  from space 283648K, 0% used [0x000000078c100000,0x000000078c100000,0x000000079d600000)
  to   space 269824K, 0% used [0x00000007a0780000,0x00000007a0780000,0x00000007b0f00000)
 ParOldGen       total 1119744K, used 675342K [0x00000006c0000000, 0x0000000704580000, 0x000000076ab00000)
  object space 1119744K, 60% used [0x00000006c0000000,0x00000006e93838e8,0x0000000704580000)
 Metaspace       used 6695K, capacity 7320K, committed 7680K, reserved 1056768K
  class space    used 628K, capacity 656K, committed 768K, reserved 1048576K
Event: 39.308 GC heap after
Heap after GC invocations=26 (full 6):
 PSYoungGen      total 825856K, used 88014K [0x000000076ab00000, 0x00000007ae500000, 0x00000007c0000000)
  eden space 599040K, 0% used [0x000000076ab00000,0x000000076ab00000,0x000000078f400000)
  from space 226816K, 38% used [0x00000007a0780000,0x00000007a5d73838,0x00000007ae500000)
  to   space 254464K, 0% used [0x000000078f400000,0x000000078f400000,0x000000079ec80000)
 ParOldGen       total 1119744K, used 675342K [0x00000006c0000000, 0x0000000704580000, 0x000000076ab00000)
  object space 1119744K, 60% used [0x00000006c0000000,0x00000006e93838e8,0x0000000704580000)
 Metaspace       used 6695K, capacity 7320K, committed 7680K, reserved 1056768K
  class space    used 628K, capacity 656K, committed 768K, reserved 1048576K
}
Event: 41.017 GC heap before
{Heap before GC invocations=27 (full 6):
 PSYoungGen      total 825856K, used 687054K [0x000000076ab00000, 0x00000007ae500000, 0x00000007c0000000)
  eden space 599040K, 100% used [0x000000076ab00000,0x000000078f400000,0x000000078f400000)
  from space 226816K, 38% used [0x00000007a0780000,0x00000007a5d73838,0x00000007ae500000)
  to   space 254464K, 0% used [0x000000078f400000,0x000000078f400000,0x000000079ec80000)
 ParOldGen       total 1119744K, used 675342K [0x00000006c0000000, 0x0000000704580000, 0x000000076ab00000)
  object space 1119744K, 60% used [0x00000006c0000000,0x00000006e93838e8,0x0000000704580000)
 Metaspace       used 6801K, capacity 7384K, committed 7680K, reserved 1056768K
  class space    used 634K, capacity 656K, committed 768K, reserved 1048576K
Event: 41.242 GC heap after
Heap after GC invocations=27 (full 6):
 PSYoungGen      total 853504K, used 177319K [0x000000076ab00000, 0x00000007b3880000, 0x00000007c0000000)
  eden space 599040K, 0% used [0x000000076ab00000,0x000000076ab00000,0x000000078f400000)
  from space 254464K, 69% used [0x000000078f400000,0x000000079a129c98,0x000000079ec80000)
  to   space 268288K, 0% used [0x00000007a3280000,0x00000007a3280000,0x00000007b3880000)
 ParOldGen       total 1119744K, used 675342K [0x00000006c0000000, 0x0000000704580000, 0x000000076ab00000)
  object space 1119744K, 60% used [0x00000006c0000000,0x00000006e93838e8,0x0000000704580000)
 Metaspace       used 6801K, capacity 7384K, committed 7680K, reserved 1056768K
  class space    used 634K, capacity 656K, committed 768K, reserved 1048576K
}

Deoptimization events (10 events):
Event: 40.251 Thread 0x000000001d7aa000 Uncommon trap: reason=unstable_if action=reinterpret pc=0x0000000002de4e6c method=com.android.dx.dex.file.OffsettedItem.equals(Ljava/lang/Object;)Z @ 26
Event: 40.879 Thread 0x000000001d7aa000 Uncommon trap: reason=unstable_if action=reinterpret pc=0x0000000002e59050 method=com.android.dx.dex.code.OutputFinisher.addConstants(Ljava/util/HashSet;Lcom/android/dx/rop/code/RegisterSpec;)V @ 32
Event: 40.919 Thread 0x000000001d7aa000 Uncommon trap: reason=unstable_if action=reinterpret pc=0x0000000002e7a910 method=com.android.dx.dex.code.OutputFinisher.addConstants(Ljava/util/HashSet;Lcom/android/dx/rop/code/RegisterSpec;)V @ 32
Event: 41.497 Thread 0x000000001d4b7800 Uncommon trap: reason=null_check action=make_not_entrant pc=0x000000000276e798 method=com.android.dx.rop.cst.CstString.equals(Ljava/lang/Object;)Z @ 1
Event: 41.875 Thread 0x000000001d4b7800 Uncommon trap: reason=bimorphic action=maybe_recompile pc=0x0000000002c1e81c method=com.android.dx.cf.code.BytecodeArray.parseInstruction(ILcom/android/dx/cf/code/BytecodeArray$Visitor;)I @ 1891
Event: 41.875 Thread 0x000000001d4b7800 Uncommon trap: reason=bimorphic action=maybe_recompile pc=0x0000000002c1e81c method=com.android.dx.cf.code.BytecodeArray.parseInstruction(ILcom/android/dx/cf/code/BytecodeArray$Visitor;)I @ 1891
Event: 41.880 Thread 0x000000001d7aa000 Uncommon trap: reason=unstable_if action=reinterpret pc=0x0000000002e90388 method=com.android.dx.dex.code.DalvCode.hasPositions()Z @ 15
Event: 41.887 Thread 0x000000001d4b7800 Uncommon trap: reason=unstable_if action=reinterpret pc=0x0000000002741034 method=com.android.dx.cf.code.RopperMachine.run(Lcom/android/dx/cf/code/Frame;II)V @ 356
Event: 41.887 Thread 0x000000001d4b7800 Uncommon trap: reason=unstable_if action=reinterpret pc=0x0000000002c3f1d4 method=com.android.dx.cf.code.Ropper.processBlock(Lcom/android/dx/cf/code/ByteBlock;Lcom/android/dx/cf/code/Frame;[I)V @ 791
Event: 41.988 Thread 0x000000001d817800 Uncommon trap: reason=bimorphic action=maybe_recompile pc=0x0000000002ae6894 method=com.android.dx.ssa.back.FirstFitLocalCombiningAllocator.findNextUnreservedRopReg(IILcom/android/dx/ssa/back/FirstFitLocalCombiningAllocator$Alignment;)I @ 60

Internal exceptions (10 events):
Event: 0.988 Thread 0x000000001d4b7800 Implicit null exception at 0x0000000002429ba2 to 0x0000000002429ca9
Event: 1.025 Thread 0x000000001d812800 Implicit null exception at 0x0000000002465c3c to 0x0000000002467125
Event: 1.565 Thread 0x000000001d4b7800 Implicit null exception at 0x0000000002621ae3 to 0x0000000002621c59
Event: 1.673 Thread 0x000000001d817800 Exception <a 'java/lang/ArrayIndexOutOfBoundsException': 18> (0x00000007704728d8) thrown at [D:\re\workspace\8-2-build-windows-amd64-cygwin\jdk8u92\6642\hotspot\src\share\vm\interpreter\interpreterRuntime.cpp, line 366]
Event: 1.674 Thread 0x000000001d817800 Exception <a 'java/lang/ArrayIndexOutOfBoundsException'> (0x0000000770474458) thrown at [D:\re\workspace\8-2-build-windows-amd64-cygwin\jdk8u92\6642\hotspot\src\share\vm\runtime\sharedRuntime.cpp, line 605]
Event: 1.681 Thread 0x000000001d817800 Exception <a 'java/lang/ArrayIndexOutOfBoundsException'> (0x0000000770475740) thrown at [D:\re\workspace\8-2-build-windows-amd64-cygwin\jdk8u92\6642\hotspot\src\share\vm\runtime\sharedRuntime.cpp, line 605]
Event: 11.437 Thread 0x0000000001f4d800 Implicit null exception at 0x00000000022235d8 to 0x0000000002223f91
Event: 21.573 Thread 0x0000000001f4d800 Implicit null exception at 0x0000000002695a65 to 0x0000000002697075
Event: 39.717 Thread 0x000000001d7aa000 Implicit null exception at 0x0000000002d67c1c to 0x0000000002d68c55
Event: 41.497 Thread 0x000000001d4b7800 Implicit null exception at 0x000000000276e68c to 0x000000000276e78a

Events (10 events):
Event: 41.880 Thread 0x000000001d7aa000 DEOPT UNPACKING pc=0x00000000020f582a sp=0x00000000205cec00 mode 2
Event: 41.887 Thread 0x000000001d4b7800 Uncommon trap: trap_request=0xffffff65 fr.pc=0x0000000002741034
Event: 41.887 Thread 0x000000001d4b7800 DEOPT PACKING pc=0x0000000002741034 sp=0x000000001ef8e240
Event: 41.887 Thread 0x000000001d4b7800 DEOPT UNPACKING pc=0x00000000020f582a sp=0x000000001ef8e1e0 mode 2
Event: 41.887 Thread 0x000000001d4b7800 Uncommon trap: trap_request=0xffffff65 fr.pc=0x0000000002c3f1d4
Event: 41.887 Thread 0x000000001d4b7800 DEOPT PACKING pc=0x0000000002c3f1d4 sp=0x000000001ef8e4e0
Event: 41.887 Thread 0x000000001d4b7800 DEOPT UNPACKING pc=0x00000000020f582a sp=0x000000001ef8e540 mode 2
Event: 41.988 Thread 0x000000001d817800 Uncommon trap: trap_request=0xffffffc6 fr.pc=0x0000000002ae6894
Event: 41.988 Thread 0x000000001d817800 DEOPT PACKING pc=0x0000000002ae6894 sp=0x000000001f28eda0
Event: 41.988 Thread 0x000000001d817800 DEOPT UNPACKING pc=0x00000000020f582a sp=0x000000001f28ecc0 mode 2


Dynamic libraries:
0x00007ff781430000 - 0x00007ff781467000 	C:\Program Files\Java\jdk1.8.0_92\bin\java.exe
0x00007ffa3b8d0000 - 0x00007ffa3ba7c000 	C:\WINDOWS\SYSTEM32\ntdll.dll
0x00007ffa3b3c0000 - 0x00007ffa3b4fe000 	C:\WINDOWS\system32\KERNEL32.DLL
0x00007ffa38e30000 - 0x00007ffa38f45000 	C:\WINDOWS\system32\KERNELBASE.dll
0x00007ffa375c0000 - 0x00007ffa3764e000 	C:\WINDOWS\system32\apphelp.dll
0x00007ffa22080000 - 0x00007ffa220d3000 	C:\WINDOWS\AppPatch\AppPatch64\AcGenral.DLL
0x00007ffa3b500000 - 0x00007ffa3b5aa000 	C:\WINDOWS\system32\msvcrt.dll
0x00007ffa388c0000 - 0x00007ffa388ee000 	C:\WINDOWS\SYSTEM32\SspiCli.dll
0x00007ffa3b2f0000 - 0x00007ffa3b344000 	C:\WINDOWS\system32\SHLWAPI.dll
0x00007ffa3a770000 - 0x00007ffa3a8e7000 	C:\WINDOWS\system32\USER32.dll
0x00007ffa3b010000 - 0x00007ffa3b1a4000 	C:\WINDOWS\system32\ole32.dll
0x00007ffa38f60000 - 0x00007ffa3a48b000 	C:\WINDOWS\system32\SHELL32.dll
0x00007ffa38040000 - 0x00007ffa38061000 	C:\WINDOWS\SYSTEM32\USERENV.dll
0x00007ffa3a6b0000 - 0x00007ffa3a75a000 	C:\WINDOWS\system32\ADVAPI32.dll
0x00007ffa2b360000 - 0x00007ffa2b37e000 	C:\WINDOWS\SYSTEM32\MPR.dll
0x00007ffa3b760000 - 0x00007ffa3b8a1000 	C:\WINDOWS\system32\RPCRT4.dll
0x00007ffa3b350000 - 0x00007ffa3b3a9000 	C:\WINDOWS\SYSTEM32\sechost.dll
0x00007ffa3a490000 - 0x00007ffa3a6a1000 	C:\WINDOWS\SYSTEM32\combase.dll
0x00007ffa3ab10000 - 0x00007ffa3ac5f000 	C:\WINDOWS\system32\GDI32.dll
0x00007ffa38a20000 - 0x00007ffa38a35000 	C:\WINDOWS\SYSTEM32\profapi.dll
0x00007ffa36f90000 - 0x00007ffa37042000 	C:\WINDOWS\SYSTEM32\SHCORE.dll
0x00007ffa3ad80000 - 0x00007ffa3adb6000 	C:\WINDOWS\system32\IMM32.DLL
0x00007ffa3a8f0000 - 0x00007ffa3aa42000 	C:\WINDOWS\system32\MSCTF.dll
0x00007ffa36670000 - 0x00007ffa368ea000 	C:\WINDOWS\WinSxS\amd64_microsoft.windows.common-controls_6595b64144ccf1df_6.0.9600.17810_none_6240b9c7ecbd0bda\COMCTL32.dll
0x000000005caf0000 - 0x000000005cbc2000 	C:\Program Files\Java\jdk1.8.0_92\jre\bin\msvcr100.dll
0x000000005cfc0000 - 0x000000005d856000 	C:\Program Files\Java\jdk1.8.0_92\jre\bin\server\jvm.dll
0x00007ffa31720000 - 0x00007ffa31729000 	C:\WINDOWS\SYSTEM32\WSOCK32.dll
0x00007ffa322e0000 - 0x00007ffa32302000 	C:\WINDOWS\SYSTEM32\WINMM.dll
0x00007ffa2fb10000 - 0x00007ffa2fb1a000 	C:\WINDOWS\SYSTEM32\VERSION.dll
0x00007ffa3b2e0000 - 0x00007ffa3b2e7000 	C:\WINDOWS\system32\PSAPI.DLL
0x00007ffa3ac60000 - 0x00007ffa3acba000 	C:\WINDOWS\system32\WS2_32.dll
0x00007ffa322b0000 - 0x00007ffa322da000 	C:\WINDOWS\SYSTEM32\WINMMBASE.dll
0x00007ffa38f50000 - 0x00007ffa38f59000 	C:\WINDOWS\system32\NSI.dll
0x00007ffa38cd0000 - 0x00007ffa38d1f000 	C:\WINDOWS\SYSTEM32\cfgmgr32.dll
0x00007ffa37810000 - 0x00007ffa37838000 	C:\WINDOWS\SYSTEM32\DEVOBJ.dll
0x000000005cfb0000 - 0x000000005cfbf000 	C:\Program Files\Java\jdk1.8.0_92\jre\bin\verify.dll
0x000000005cf80000 - 0x000000005cfa9000 	C:\Program Files\Java\jdk1.8.0_92\jre\bin\java.dll
0x000000005cf60000 - 0x000000005cf76000 	C:\Program Files\Java\jdk1.8.0_92\jre\bin\zip.dll

VM Arguments:
jvm_args: -Djava.awt.headless=true -Xmx4g -Dfile.encoding=windows-1252 -Duser.country=BR -Duser.language=pt -Duser.variant 
java_command: com.android.dx.command.Main --dex --num-threads=4 --multi-dex --main-dex-list C:\ResearchMobile\app\build\intermediates\multi-dex\debug\maindexlist.txt --output C:\ResearchMobile\app\build\intermediates\transforms\dex\debug\folders\1000\1f\main C:\ResearchMobile\app\build\intermediates\transforms\jarMerging\debug\jars\1\1f\combined.jar
java_class_path (initial): C:\adt-bundle-windows-x86_64-20130219\sdk\build-tools\23.0.2\lib\dx.jar
Launcher Type: SUN_STANDARD

Environment Variables:
PATH=C:\ProgramData\Oracle\Java\javapath;C:\Program Files (x86)\Intel\iCLS Client\;C:\Program Files\Intel\iCLS Client\;C:\Windows\system32;C:\Windows;C:\Windows\System32\Wbem;C:\Windows\System32\WindowsPowerShell\v1.0\;C:\Program Files (x86)\Intel\OpenCL SDK\2.0\bin\x86;C:\Program Files (x86)\Intel\OpenCL SDK\2.0\bin\x64;C:\Program Files\Intel\Intel(R) Management Engine Components\DAL;C:\Program Files\Intel\Intel(R) Management Engine Components\IPT;C:\Program Files (x86)\Intel\Intel(R) Management Engine Components\DAL;C:\Program Files (x86)\Intel\Intel(R) Management Engine Components\IPT;C:\Program Files\Intel\WiFi\bin\;C:\Program Files\Common Files\Intel\WirelessCommon\;C:\Program Files\Sony\VAIO Improvement\;C:\Program Files (x86)\Sony\VAIO Startup Setting Tool;C:\Program Files (x86)\Microsoft ASP.NET\ASP.NET Web Pages\v1.0\;C:\Users\jorgealberto\AppData\Local\Smartbar\Application\;C:\WINDOWS\system32;C:\WINDOWS;C:\WINDOWS\System32\Wbem;C:\WINDOWS\System32\WindowsPowerShell\v1.0\;C:\Program Files (x86)\Git\cmd;C:\Program Files (x86)\Skype\Phone\;C:\Program Files\Microsoft DNX\Dnvm\;C:\Users\jorgealberto\.dnx\bin
USERNAME=jorgealberto
OS=Windows_NT
PROCESSOR_IDENTIFIER=Intel64 Family 6 Model 58 Stepping 9, GenuineIntel



---------------  S Y S T E M  ---------------

OS: Windows 8.1 , 64 bit Build 9600 (6.3.9600.17415)

CPU:total 4 (2 cores per cpu, 2 threads per core) family 6 model 58 stepping 9, cmov, cx8, fxsr, mmx, sse, sse2, sse3, ssse3, sse4.1, sse4.2, popcnt, avx, aes, clmul, erms, ht, tsc, tscinvbit, tscinv

Memory: 4k page, physical 6167832k(488496k free), swap 9313560k(6020k free)

vm_info: Java HotSpot(TM) 64-Bit Server VM (25.92-b14) for windows-amd64 JRE (1.8.0_92-b14), built on Mar 31 2016 21:03:04 by "java_re" with MS VC++ 10.0 (VS2010)

time: Fri Oct 28 17:05:38 2016
elapsed time: 42 seconds (0d 0h 0m 42s)

