#
# There is insufficient memory for the Java Runtime Environment to continue.
# Native memory allocation (malloc) failed to allocate 32744 bytes for ChunkPool::allocate
# Possible reasons:
#   The system is out of physical RAM or swap space
#   In 32 bit mode, the process size limit was hit
# Possible solutions:
#   Reduce memory load on the system
#   Increase physical memory or swap space
#   Check if swap backing store is full
#   Use 64 bit Java on a 64 bit OS
#   Decrease Java heap size (-Xmx/-Xms)
#   Decrease number of Java threads
#   Decrease Java thread stack sizes (-Xss)
#   Set larger code cache with -XX:ReservedCodeCacheSize=
# This output file may be truncated or incomplete.
#
#  Out of Memory Error (allocation.cpp:273), pid=10016, tid=0x0000000000000388
#
# JRE version: Java(TM) SE Runtime Environment (8.0_92-b14) (build 1.8.0_92-b14)
# Java VM: Java HotSpot(TM) 64-Bit Server VM (25.92-b14 mixed mode windows-amd64 compressed oops)
# Failed to write core dump. Minidumps are not enabled by default on client versions of Windows
#

---------------  T H R E A D  ---------------

Current thread (0x000000001c38d000):  JavaThread "C2 CompilerThread0" daemon [_thread_in_native, id=904, stack(0x000000001d9d0000,0x000000001dad0000)]

Stack: [0x000000001d9d0000,0x000000001dad0000]
[error occurred during error reporting (printing stack bounds), id 0xc0000005]

Native frames: (J=compiled Java code, j=interpreted, Vv=VM code, C=native code)


Current CompileTask:
C2:  35343 2906 %     4       com.android.dx.dex.file.AnnotationUtils::makeSignature @ 65 (251 bytes)


---------------  P R O C E S S  ---------------

Java Threads: ( => current thread )
  0x000000001e4fa800 JavaThread "pool-2-thread-4" [_thread_in_Java, id=7956, stack(0x000000001fea0000,0x000000001ffa0000)]
  0x000000001e369000 JavaThread "pool-2-thread-3" [_thread_in_Java, id=4056, stack(0x000000001fda0000,0x000000001fea0000)]
  0x000000001e368800 JavaThread "pool-2-thread-2" [_thread_in_Java, id=9664, stack(0x000000001fca0000,0x000000001fda0000)]
  0x000000001e01b000 JavaThread "pool-3-thread-1" [_thread_blocked, id=10008, stack(0x000000001fba0000,0x000000001fca0000)]
  0x000000001e01a800 JavaThread "pool-2-thread-1" [_thread_in_Java, id=9532, stack(0x000000001faa0000,0x000000001fba0000)]
  0x000000001dcf5000 JavaThread "Service Thread" daemon [_thread_blocked, id=4676, stack(0x000000001e0d0000,0x000000001e1d0000)]
  0x000000001c399000 JavaThread "C1 CompilerThread2" daemon [_thread_blocked, id=8924, stack(0x000000001dbd0000,0x000000001dcd0000)]
  0x000000001c391000 JavaThread "C2 CompilerThread1" daemon [_thread_in_native, id=5160, stack(0x000000001dad0000,0x000000001dbd0000)]
=>0x000000001c38d000 JavaThread "C2 CompilerThread0" daemon [_thread_in_native, id=904, stack(0x000000001d9d0000,0x000000001dad0000)]
  0x000000001c38b000 JavaThread "Attach Listener" daemon [_thread_blocked, id=9712, stack(0x000000001d8d0000,0x000000001d9d0000)]
  0x000000001c389800 JavaThread "Signal Dispatcher" daemon [_thread_blocked, id=9232, stack(0x000000001d7d0000,0x000000001d8d0000)]
  0x0000000002cbb000 JavaThread "Finalizer" daemon [_thread_blocked, id=216, stack(0x000000001d5e0000,0x000000001d6e0000)]
  0x0000000002cb0000 JavaThread "Reference Handler" daemon [_thread_blocked, id=7488, stack(0x000000001d4e0000,0x000000001d5e0000)]
  0x0000000002bbd800 JavaThread "main" [_thread_in_Java, id=4884, stack(0x0000000002a50000,0x0000000002b50000)]

Other Threads:
  0x000000001c357000 VMThread [stack: 0x000000001d3e0000,0x000000001d4e0000] [id=8724]
  0x000000001dd19800 WatcherThread [stack: 0x000000001e1d0000,0x000000001e2d0000] [id=7228]

VM state:not at safepoint (normal execution)

VM Mutex/Monitor currently owned by a thread: None

Heap:
 PSYoungGen      total 653312K, used 387165K [0x000000076ab00000, 0x00000007ac780000, 0x00000007c0000000)
  eden space 471040K, 82% used [0x000000076ab00000,0x0000000782517690,0x0000000787700000)
  from space 182272K, 0% used [0x0000000797d80000,0x0000000797d80000,0x00000007a2f80000)
  to   space 268800K, 0% used [0x0000000787700000,0x0000000787700000,0x0000000797d80000)
 ParOldGen       total 1107456K, used 699766K [0x00000006c0000000, 0x0000000703980000, 0x000000076ab00000)
  object space 1107456K, 63% used [0x00000006c0000000,0x00000006eab5db30,0x0000000703980000)
 Metaspace       used 6693K, capacity 7320K, committed 7680K, reserved 1056768K
  class space    used 628K, capacity 656K, committed 768K, reserved 1048576K

Card table byte_map: [0x0000000012080000,0x0000000012890000] byte_map_base: 0x000000000ea80000

Marking Bits: (ParMarkBitMap*) 0x000000005d7d64f0
 Begin Bits: [0x00000000131f0000, 0x00000000171f0000)
 End Bits:   [0x00000000171f0000, 0x000000001b1f0000)

Polling page: 0x0000000001040000

CodeCache: size=245760Kb used=9904Kb max_used=14860Kb free=235855Kb
 bounds [0x0000000002cc0000, 0x0000000003b60000, 0x0000000011cc0000]
 total_blobs=2494 nmethods=2224 adapters=182
 compilation: enabled

Compilation events (10 events):
Event: 35.078 Thread 0x000000001c38d000 2850       4       java.util.TreeMap::values (25 bytes)
Event: 35.079 Thread 0x000000001c38d000 nmethod 2850 0x000000000327d6d0 code [0x000000000327d820, 0x000000000327d918]
Event: 35.080 Thread 0x000000001c38d000 2900       4       com.android.dx.command.dexer.Main::fixPath (56 bytes)
Event: 35.084 Thread 0x000000001c399000 nmethod 2902% 0x00000000032a2550 code [0x00000000032a2fe0, 0x00000000032aae28]
Event: 35.099 Thread 0x000000001c38d000 nmethod 2900 0x00000000031ab490 code [0x00000000031ab600, 0x00000000031abd38]
Event: 35.099 Thread 0x000000001c38d000 2901       4       com.android.dx.dex.file.AnnotationItem::<init> (41 bytes)
Event: 35.126 Thread 0x000000001c399000 2903       1       com.android.dx.cf.code.BaseMachine::auxIntArg (6 bytes)
Event: 35.126 Thread 0x000000001c399000 nmethod 2903 0x0000000003333190 code [0x00000000033332e0, 0x00000000033333f0]
Event: 35.240 Thread 0x000000001c38d000 nmethod 2901 0x0000000003196490 code [0x00000000031968c0, 0x0000000003199ee0]
Event: 35.240 Thread 0x000000001c38d000 2906 %     4       com.android.dx.dex.file.AnnotationUtils::makeSignature @ 65 (251 bytes)

GC Heap History (10 events):
Event: 24.745 GC heap before
{Heap before GC invocations=20 (full 5):
 PSYoungGen      total 601088K, used 488960K [0x000000076ab00000, 0x000000079ba80000, 0x00000007c0000000)
  eden space 488960K, 100% used [0x000000076ab00000,0x0000000788880000,0x0000000788880000)
  from space 112128K, 0% used [0x0000000791180000,0x0000000791180000,0x0000000797f00000)
  to   space 140288K, 55% used [0x0000000788880000,0x000000078d466840,0x0000000791180000)
 ParOldGen       total 606208K, used 407451K [0x00000006c0000000, 0x00000006e5000000, 0x000000076ab00000)
  object space 606208K, 67% used [0x00000006c0000000,0x00000006d8de6e28,0x00000006e5000000)
 Metaspace       used 6692K, capacity 7320K, committed 7680K, reserved 1056768K
  class space    used 628K, capacity 656K, committed 768K, reserved 1048576K
Event: 26.739 GC heap after
Heap after GC invocations=20 (full 5):
 PSYoungGen      total 601088K, used 0K [0x000000076ab00000, 0x000000079ba80000, 0x00000007c0000000)
  eden space 488960K, 0% used [0x000000076ab00000,0x000000076ab00000,0x0000000788880000)
  from space 112128K, 0% used [0x0000000791180000,0x0000000791180000,0x0000000797f00000)
  to   space 140288K, 0% used [0x0000000788880000,0x0000000788880000,0x0000000791180000)
 ParOldGen       total 794624K, used 552246K [0x00000006c0000000, 0x00000006f0800000, 0x000000076ab00000)
  object space 794624K, 69% used [0x00000006c0000000,0x00000006e1b4d830,0x00000006f0800000)
 Metaspace       used 6692K, capacity 7320K, committed 7680K, reserved 1056768K
  class space    used 628K, capacity 656K, committed 768K, reserved 1048576K
}
Event: 28.611 GC heap before
{Heap before GC invocations=21 (full 5):
 PSYoungGen      total 601088K, used 488960K [0x000000076ab00000, 0x000000079ba80000, 0x00000007c0000000)
  eden space 488960K, 100% used [0x000000076ab00000,0x0000000788880000,0x0000000788880000)
  from space 112128K, 0% used [0x0000000791180000,0x0000000791180000,0x0000000797f00000)
  to   space 140288K, 0% used [0x0000000788880000,0x0000000788880000,0x0000000791180000)
 ParOldGen       total 794624K, used 552246K [0x00000006c0000000, 0x00000006f0800000, 0x000000076ab00000)
  object space 794624K, 69% used [0x00000006c0000000,0x00000006e1b4d830,0x00000006f0800000)
 Metaspace       used 6693K, capacity 7320K, committed 7680K, reserved 1056768K
  class space    used 628K, capacity 656K, committed 768K, reserved 1048576K
Event: 28.759 GC heap after
Heap after GC invocations=21 (full 5):
 PSYoungGen      total 629248K, used 140282K [0x000000076ab00000, 0x00000007a2f80000, 0x00000007c0000000)
  eden space 488960K, 0% used [0x000000076ab00000,0x000000076ab00000,0x0000000788880000)
  from space 140288K, 99% used [0x0000000788880000,0x000000079117e9b8,0x0000000791180000)
  to   space 182272K, 0% used [0x0000000797d80000,0x0000000797d80000,0x00000007a2f80000)
 ParOldGen       total 794624K, used 601512K [0x00000006c0000000, 0x00000006f0800000, 0x000000076ab00000)
  object space 794624K, 75% used [0x00000006c0000000,0x00000006e4b6a078,0x00000006f0800000)
 Metaspace       used 6693K, capacity 7320K, committed 7680K, reserved 1056768K
  class space    used 628K, capacity 656K, committed 768K, reserved 1048576K
}
Event: 30.206 GC heap before
{Heap before GC invocations=22 (full 5):
 PSYoungGen      total 629248K, used 629242K [0x000000076ab00000, 0x00000007a2f80000, 0x00000007c0000000)
  eden space 488960K, 100% used [0x000000076ab00000,0x0000000788880000,0x0000000788880000)
  from space 140288K, 99% used [0x0000000788880000,0x000000079117e9b8,0x0000000791180000)
  to   space 182272K, 0% used [0x0000000797d80000,0x0000000797d80000,0x00000007a2f80000)
 ParOldGen       total 794624K, used 601512K [0x00000006c0000000, 0x00000006f0800000, 0x000000076ab00000)
  object space 794624K, 75% used [0x00000006c0000000,0x00000006e4b6a078,0x00000006f0800000)
 Metaspace       used 6693K, capacity 7320K, committed 7680K, reserved 1056768K
  class space    used 628K, capacity 656K, committed 768K, reserved 1048576K
Event: 30.519 GC heap after
Heap after GC invocations=22 (full 5):
 PSYoungGen      total 653312K, used 182269K [0x000000076ab00000, 0x00000007ac780000, 0x00000007c0000000)
  eden space 471040K, 0% used [0x000000076ab00000,0x000000076ab00000,0x0000000787700000)
  from space 182272K, 99% used [0x0000000797d80000,0x00000007a2f7f720,0x00000007a2f80000)
  to   space 268800K, 0% used [0x0000000787700000,0x0000000787700000,0x0000000797d80000)
 ParOldGen       total 794624K, used 748813K [0x00000006c0000000, 0x00000006f0800000, 0x000000076ab00000)
  object space 794624K, 94% used [0x00000006c0000000,0x00000006edb43430,0x00000006f0800000)
 Metaspace       used 6693K, capacity 7320K, committed 7680K, reserved 1056768K
  class space    used 628K, capacity 656K, committed 768K, reserved 1048576K
}
Event: 30.519 GC heap before
{Heap before GC invocations=23 (full 6):
 PSYoungGen      total 653312K, used 182269K [0x000000076ab00000, 0x00000007ac780000, 0x00000007c0000000)
  eden space 471040K, 0% used [0x000000076ab00000,0x000000076ab00000,0x0000000787700000)
  from space 182272K, 99% used [0x0000000797d80000,0x00000007a2f7f720,0x00000007a2f80000)
  to   space 268800K, 0% used [0x0000000787700000,0x0000000787700000,0x0000000797d80000)
 ParOldGen       total 794624K, used 748813K [0x00000006c0000000, 0x00000006f0800000, 0x000000076ab00000)
  object space 794624K, 94% used [0x00000006c0000000,0x00000006edb43430,0x00000006f0800000)
 Metaspace       used 6693K, capacity 7320K, committed 7680K, reserved 1056768K
  class space    used 628K, capacity 656K, committed 768K, reserved 1048576K
Event: 32.104 GC heap after
Heap after GC invocations=23 (full 6):
 PSYoungGen      total 653312K, used 0K [0x000000076ab00000, 0x00000007ac780000, 0x00000007c0000000)
  eden space 471040K, 0% used [0x000000076ab00000,0x000000076ab00000,0x0000000787700000)
  from space 182272K, 0% used [0x0000000797d80000,0x0000000797d80000,0x00000007a2f80000)
  to   space 268800K, 0% used [0x0000000787700000,0x0000000787700000,0x0000000797d80000)
 ParOldGen       total 794624K, used 770155K [0x00000006c0000000, 0x00000006f0800000, 0x000000076ab00000)
  object space 794624K, 96% used [0x00000006c0000000,0x00000006ef01ad60,0x00000006f0800000)
 Metaspace       used 6693K, capacity 7320K, committed 7680K, reserved 1056768K
  class space    used 628K, capacity 656K, committed 768K, reserved 1048576K
}
Event: 33.143 GC heap before
{Heap before GC invocations=24 (full 7):
 PSYoungGen      total 653312K, used 471040K [0x000000076ab00000, 0x00000007ac780000, 0x00000007c0000000)
  eden space 471040K, 100% used [0x000000076ab00000,0x0000000787700000,0x0000000787700000)
  from space 182272K, 0% used [0x0000000797d80000,0x0000000797d80000,0x00000007a2f80000)
  to   space 268800K, 0% used [0x0000000787700000,0x0000000787700000,0x0000000797d80000)
 ParOldGen       total 794624K, used 770155K [0x00000006c0000000, 0x00000006f0800000, 0x000000076ab00000)
  object space 794624K, 96% used [0x00000006c0000000,0x00000006ef01ad60,0x00000006f0800000)
 Metaspace       used 6693K, capacity 7320K, committed 7680K, reserved 1056768K
  class space    used 628K, capacity 656K, committed 768K, reserved 1048576K
Event: 34.508 GC heap after
Heap after GC invocations=24 (full 7):
 PSYoungGen      total 653312K, used 0K [0x000000076ab00000, 0x00000007ac780000, 0x00000007c0000000)
  eden space 471040K, 0% used [0x000000076ab00000,0x000000076ab00000,0x0000000787700000)
  from space 182272K, 0% used [0x0000000797d80000,0x0000000797d80000,0x00000007a2f80000)
  to   space 268800K, 0% used [0x0000000787700000,0x0000000787700000,0x0000000797d80000)
 ParOldGen       total 1107456K, used 699766K [0x00000006c0000000, 0x0000000703980000, 0x000000076ab00000)
  object space 1107456K, 63% used [0x00000006c0000000,0x00000006eab5db30,0x0000000703980000)
 Metaspace       used 6693K, capacity 7320K, committed 7680K, reserved 1056768K
  class space    used 628K, capacity 656K, committed 768K, reserved 1048576K
}

Deoptimization events (10 events):
Event: 28.605 Thread 0x000000001e01a800 Uncommon trap: reason=class_check action=maybe_recompile pc=0x000000000317b4ec method=com.android.dx.ssa.back.InterferenceGraph.add(II)V @ 19
Event: 28.605 Thread 0x000000001e01a800 Uncommon trap: reason=class_check action=maybe_recompile pc=0x000000000317b4ec method=com.android.dx.ssa.back.InterferenceGraph.add(II)V @ 19
Event: 28.605 Thread 0x000000001e01a800 Uncommon trap: reason=class_check action=maybe_recompile pc=0x000000000317b4ec method=com.android.dx.ssa.back.InterferenceGraph.add(II)V @ 19
Event: 28.764 Thread 0x000000001e368800 Uncommon trap: reason=predicate action=maybe_recompile pc=0x00000000037c7ce4 method=com.android.dx.ssa.back.InterferenceGraph.<init>(I)V @ 23
Event: 28.855 Thread 0x000000001e01a800 Uncommon trap: reason=class_check action=maybe_recompile pc=0x0000000003821d58 method=com.android.dx.ssa.back.InterferenceGraph.mergeInterferenceSet(ILcom/android/dx/util/IntSet;)V @ 20
Event: 28.856 Thread 0x000000001e01a800 Uncommon trap: reason=class_check action=maybe_recompile pc=0x00000000039697cc method=com.android.dx.ssa.back.InterferenceGraph.mergeInterferenceSet(ILcom/android/dx/util/IntSet;)V @ 20
Event: 28.856 Thread 0x000000001e01a800 Uncommon trap: reason=class_check action=maybe_recompile pc=0x00000000039697cc method=com.android.dx.ssa.back.InterferenceGraph.mergeInterferenceSet(ILcom/android/dx/util/IntSet;)V @ 20
Event: 28.864 Thread 0x000000001e01a800 Uncommon trap: reason=class_check action=maybe_recompile pc=0x00000000037b769c method=com.android.dx.ssa.back.InterferenceGraph.mergeInterferenceSet(ILcom/android/dx/util/IntSet;)V @ 20
Event: 28.864 Thread 0x000000001e01a800 Uncommon trap: reason=class_check action=maybe_recompile pc=0x00000000039697cc method=com.android.dx.ssa.back.InterferenceGraph.mergeInterferenceSet(ILcom/android/dx/util/IntSet;)V @ 20
Event: 28.903 Thread 0x000000001e368800 Uncommon trap: reason=class_check action=maybe_recompile pc=0x0000000003821d58 method=com.android.dx.ssa.back.InterferenceGraph.mergeInterferenceSet(ILcom/android/dx/util/IntSet;)V @ 20

Internal exceptions (8 events):
Event: 0.032 Thread 0x0000000002bbd800 Exception <a 'java/lang/NoSuchMethodError': Method sun.misc.Unsafe.defineClass(Ljava/lang/String;[BII)Ljava/lang/Class; name or signature does not match> (0x000000076ab07cc0) thrown at [D:\re\workspace\8-2-build-windows-amd64-cygwin\jdk8u92\6642\hotspot\sr–¢Õ§ê†?
Event: 0.032 Thread 0x0000000002bbd800 Exception <a 'java/lang/NoSuchMethodError': Method sun.misc.Unsafe.prefetchRead(Ljava/lang/Object;J)V name or signature does not match> (0x000000076ab07fa8) thrown at [D:\re\workspace\8-2-build-windows-amd64-cygwin\jdk8u92\6642\hotspot\src\share\vm\prims\jµÁ˚íJÎ?
Event: 0.846 Thread 0x000000001e01a800 Implicit null exception at 0x00000000030077a2 to 0x00000000030078a9
Event: 1.117 Thread 0x000000001e369000 Implicit null exception at 0x0000000003155306 to 0x0000000003156955
Event: 1.536 Thread 0x000000001e01a800 Exception <a 'java/lang/ArrayIndexOutOfBoundsException': 18> (0x00000007708d8728) thrown at [D:\re\workspace\8-2-build-windows-amd64-cygwin\jdk8u92\6642\hotspot\src\share\vm\interpreter\interpreterRuntime.cpp, line 366]
Event: 1.537 Thread 0x000000001e01a800 Exception <a 'java/lang/ArrayIndexOutOfBoundsException': 145> (0x00000007708da2a8) thrown at [D:\re\workspace\8-2-build-windows-amd64-cygwin\jdk8u92\6642\hotspot\src\share\vm\interpreter\interpreterRuntime.cpp, line 366]
Event: 1.538 Thread 0x000000001e01a800 Exception <a 'java/lang/ArrayIndexOutOfBoundsException'> (0x00000007708db590) thrown at [D:\re\workspace\8-2-build-windows-amd64-cygwin\jdk8u92\6642\hotspot\src\share\vm\runtime\sharedRuntime.cpp, line 605]
Event: 10.020 Thread 0x0000000002bbd800 Implicit null exception at 0x0000000002e28818 to 0x0000000002e291d1

Events (10 events):
Event: 35.143 Thread 0x000000001e368800 DEOPT PACKING pc=0x0000000003435404 sp=0x000000001fd9f310
Event: 35.143 Thread 0x000000001e368800 DEOPT UNPACKING pc=0x0000000002d0787f sp=0x000000001fd9f0f0 mode 0
Event: 35.184 Thread 0x000000001e369000 DEOPT PACKING pc=0x00000000034e1014 sp=0x000000001fe9ee30
Event: 35.184 Thread 0x000000001e369000 DEOPT UNPACKING pc=0x0000000002d0787f sp=0x000000001fe9ebb0 mode 0
Event: 35.226 Thread 0x000000001e4fa800 DEOPT PACKING pc=0x00000000034bb367 sp=0x000000001ff9eb90
Event: 35.226 Thread 0x000000001e4fa800 DEOPT UNPACKING pc=0x0000000002d0787f sp=0x000000001ff9e9c0 mode 0
Event: 35.243 Thread 0x000000001e369000 DEOPT PACKING pc=0x0000000003435404 sp=0x000000001fe9f240
Event: 35.243 Thread 0x000000001e369000 DEOPT UNPACKING pc=0x0000000002d0787f sp=0x000000001fe9f020 mode 0
Event: 35.282 Thread 0x0000000002bbd800 DEOPT PACKING pc=0x0000000002e58053 sp=0x0000000002b4ec00
Event: 35.282 Thread 0x0000000002bbd800 DEOPT UNPACKING pc=0x0000000002d0787f sp=0x0000000002b4e930 mode 0


Dynamic libraries:
0x00007ff781430000 - 0x00007ff781467000 	C:\Program Files\Java\jdk1.8.0_92\bin\java.exe
0x00007ffa3b8d0000 - 0x00007ffa3ba7c000 	C:\WINDOWS\SYSTEM32\ntdll.dll
0x00007ffa3b3c0000 - 0x00007ffa3b4fe000 	C:\WINDOWS\system32\KERNEL32.DLL
0x00007ffa38e30000 - 0x00007ffa38f45000 	C:\WINDOWS\system32\KERNELBASE.dll
0x00007ffa375c0000 - 0x00007ffa3764e000 	C:\WINDOWS\system32\apphelp.dll
0x00007ffa22080000 - 0x00007ffa220d3000 	C:\WINDOWS\AppPatch\AppPatch64\AcGenral.DLL
0x00007ffa3b500000 - 0x00007ffa3b5aa000 	C:\WINDOWS\system32\msvcrt.dll
0x00007ffa388c0000 - 0x00007ffa388ee000 	C:\WINDOWS\SYSTEM32\SspiCli.dll
0x00007ffa3b2f0000 - 0x00007ffa3b344000 	C:\WINDOWS\system32\SHLWAPI.dll
0x00007ffa3a770000 - 0x00007ffa3a8e7000 	C:\WINDOWS\system32\USER32.dll
0x00007ffa3b010000 - 0x00007ffa3b1a4000 	C:\WINDOWS\system32\ole32.dll
0x00007ffa38f60000 - 0x00007ffa3a48b000 	C:\WINDOWS\system32\SHELL32.dll
0x00007ffa38040000 - 0x00007ffa38061000 	C:\WINDOWS\SYSTEM32\USERENV.dll
0x00007ffa3a6b0000 - 0x00007ffa3a75a000 	C:\WINDOWS\system32\ADVAPI32.dll
0x00007ffa2b360000 - 0x00007ffa2b37e000 	C:\WINDOWS\SYSTEM32\MPR.dll
0x00007ffa3b760000 - 0x00007ffa3b8a1000 	C:\WINDOWS\system32\RPCRT4.dll
0x00007ffa3b350000 - 0x00007ffa3b3a9000 	C:\WINDOWS\SYSTEM32\sechost.dll
0x00007ffa3a490000 - 0x00007ffa3a6a1000 	C:\WINDOWS\SYSTEM32\combase.dll
0x00007ffa3ab10000 - 0x00007ffa3ac5f000 	C:\WINDOWS\system32\GDI32.dll
0x00007ffa38a20000 - 0x00007ffa38a35000 	C:\WINDOWS\SYSTEM32\profapi.dll
0x00007ffa36f90000 - 0x00007ffa37042000 	C:\WINDOWS\SYSTEM32\SHCORE.dll
0x00007ffa3ad80000 - 0x00007ffa3adb6000 	C:\WINDOWS\system32\IMM32.DLL
0x00007ffa3a8f0000 - 0x00007ffa3aa42000 	C:\WINDOWS\system32\MSCTF.dll
0x00007ffa36670000 - 0x00007ffa368ea000 	C:\WINDOWS\WinSxS\amd64_microsoft.windows.common-controls_6595b64144ccf1df_6.0.9600.17810_none_6240b9c7ecbd0bda\COMCTL32.dll
0x000000005caf0000 - 0x000000005cbc2000 	C:\Program Files\Java\jdk1.8.0_92\jre\bin\msvcr100.dll
0x000000005cfc0000 - 0x000000005d856000 	C:\Program Files\Java\jdk1.8.0_92\jre\bin\server\jvm.dll
0x00007ffa31720000 - 0x00007ffa31729000 	C:\WINDOWS\SYSTEM32\WSOCK32.dll
0x00007ffa322e0000 - 0x00007ffa32302000 	C:\WINDOWS\SYSTEM32\WINMM.dll
0x00007ffa2fb10000 - 0x00007ffa2fb1a000 	C:\WINDOWS\SYSTEM32\VERSION.dll
0x00007ffa3b2e0000 - 0x00007ffa3b2e7000 	C:\WINDOWS\system32\PSAPI.DLL
0x00007ffa3ac60000 - 0x00007ffa3acba000 	C:\WINDOWS\system32\WS2_32.dll
0x00007ffa322b0000 - 0x00007ffa322da000 	C:\WINDOWS\SYSTEM32\WINMMBASE.dll
0x00007ffa38f50000 - 0x00007ffa38f59000 	C:\WINDOWS\system32\NSI.dll
0x00007ffa38cd0000 - 0x00007ffa38d1f000 	C:\WINDOWS\SYSTEM32\cfgmgr32.dll
0x00007ffa37810000 - 0x00007ffa37838000 	C:\WINDOWS\SYSTEM32\DEVOBJ.dll
0x000000005cfb0000 - 0x000000005cfbf000 	C:\Program Files\Java\jdk1.8.0_92\jre\bin\verify.dll
0x000000005cf80000 - 0x000000005cfa9000 	C:\Program Files\Java\jdk1.8.0_92\jre\bin\java.dll
0x000000005cf60000 - 0x000000005cf76000 	C:\Program Files\Java\jdk1.8.0_92\jre\bin\zip.dll

VM Arguments:
jvm_args: -Djava.awt.headless=true -Xmx4g -Dfile.encoding=windows-1252 -Duser.country=BR -Duser.language=pt -Duser.variant 
java_command: com.android.dx.command.Main --dex --num-threads=4 --multi-dex --main-dex-list C:\ResearchMobile\app\build\intermediates\multi-dex\debug\maindexlist.txt --output C:\ResearchMobile\app\build\intermediates\transforms\dex\debug\folders\1000\1f\main C:\ResearchMobile\app\build\intermediates\transforms\jarMerging\debug\jars\1\1f\combined.jar
java_class_path (initial): C:\adt-bundle-windows-x86_64-20130219\sdk\build-tools\23.0.2\lib\dx.jar
Launcher Type: SUN_STANDARD

Environment Variables:
PATH=C:\ProgramData\Oracle\Java\javapath;C:\Program Files (x86)\Intel\iCLS Client\;C:\Program Files\Intel\iCLS Client\;C:\Windows\system32;C:\Windows;C:\Windows\System32\Wbem;C:\Windows\System32\WindowsPowerShell\v1.0\;C:\Program Files (x86)\Intel\OpenCL SDK\2.0\bin\x86;C:\Program Files (x86)\Intel\OpenCL SDK\2.0\bin\x64;C:\Program Files\Intel\Intel(R) Management Engine Components\DAL;C:\Program Files\Intel\Intel(R) Management Engine Components\IPT;C:\Program Files (x86)\Intel\Intel(R) Management Engine Components\DAL;C:\Program Files (x86)\Intel\Intel(R) Management Engine Components\IPT;C:\Program Files\Intel\WiFi\bin\;C:\Program Files\Common Files\Intel\WirelessCommon\;C:\Program Files\Sony\VAIO Improvement\;C:\Program Files (x86)\Sony\VAIO Startup Setting Tool;C:\Program Files (x86)\Microsoft ASP.NET\ASP.NET Web Pages\v1.0\;C:\Users\jorgealberto\AppData\Local\Smartbar\Application\;C:\WINDOWS\system32;C:\WINDOWS;C:\WINDOWS\System32\Wbem;C:\WINDOWS\System32\WindowsPowerShell\v1.0\;C:\Program Files (x86)\Git\cmd;C:\Program Files (x86)\Skype\Phone\;C:\Program Files\Microsoft DNX\Dnvm\;C:\Users\jorgealberto\.dnx\bin
USERNAME=jorgealberto
OS=Windows_NT
PROCESSOR_IDENTIFIER=Intel64 Family 6 Model 58 Stepping 9, GenuineIntel



---------------  S Y S T E M  ---------------

OS: Windows 8.1 , 64 bit Build 9600 (6.3.9600.17415)

CPU:total 4 (2 cores per cpu, 2 threads per core) family 6 model 58 stepping 9, cmov, cx8, fxsr, mmx, sse, sse2, sse3, ssse3, sse4.1, sse4.2, popcnt, avx, aes, clmul, erms, ht, tsc, tscinvbit, tscinv

Memory: 4k page, physical 6167832k(409936k free), swap 9313560k(5156k free)

vm_info: Java HotSpot(TM) 64-Bit Server VM (25.92-b14) for windows-amd64 JRE (1.8.0_92-b14), built on Mar 31 2016 21:03:04 by "java_re" with MS VC++ 10.0 (VS2010)

time: Fri Oct 28 19:06:15 2016
elapsed time: 35 seconds (0d 0h 0m 35s)

